Flow report for datapath
Thu Apr 30 16:25:09 2020
Quartus Prime Version 18.1.0 Build 625 09/12/2018 SJ Lite Edition


---------------------
; Table of Contents ;
---------------------
  1. Legal Notice
  2. Flow Summary
  3. Flow Settings
  4. Flow Non-Default Global Settings
  5. Flow Elapsed Time
  6. Flow OS Summary
  7. Flow Log
  8. Flow Messages
  9. Flow Suppressed Messages



----------------
; Legal Notice ;
----------------
Copyright (C) 2018  Intel Corporation. All rights reserved.
Your use of Intel Corporation's design tools, logic functions 
and other software and tools, and its AMPP partner logic 
functions, and any output files from any of the foregoing 
(including device programming or simulation files), and any 
associated documentation or information are expressly subject 
to the terms and conditions of the Intel Program License 
Subscription Agreement, the Intel Quartus Prime License Agreement,
the Intel FPGA IP License Agreement, or other applicable license
agreement, including, without limitation, that your use is for
the sole purpose of programming logic devices manufactured by
Intel and sold by Intel or its authorized distributors.  Please
refer to the applicable agreement for further details.



+----------------------------------------------------------------------------------+
; Flow Summary                                                                     ;
+------------------------------------+---------------------------------------------+
; Flow Status                        ; Successful - Thu Apr 30 16:25:09 2020       ;
; Quartus Prime Version              ; 18.1.0 Build 625 09/12/2018 SJ Lite Edition ;
; Revision Name                      ; datapath                                    ;
; Top-level Entity Name              ; datapath_test                               ;
; Family                             ; Cyclone IV E                                ;
; Device                             ; EP4CE115F29C7                               ;
; Timing Models                      ; Final                                       ;
; Total logic elements               ; 2,599 / 114,480 ( 2 % )                     ;
;     Total combinational functions  ; 2,507 / 114,480 ( 2 % )                     ;
;     Dedicated logic registers      ; 537 / 114,480 ( < 1 % )                     ;
; Total registers                    ; 537                                         ;
; Total pins                         ; 311 / 529 ( 59 % )                          ;
; Total virtual pins                 ; 0                                           ;
; Total memory bits                  ; 20,480 / 3,981,312 ( < 1 % )                ;
; Embedded Multiplier 9-bit elements ; 0 / 532 ( 0 % )                             ;
; Total PLLs                         ; 0 / 4 ( 0 % )                               ;
+------------------------------------+---------------------------------------------+


+-----------------------------------------+
; Flow Settings                           ;
+-------------------+---------------------+
; Option            ; Setting             ;
+-------------------+---------------------+
; Start date & time ; 04/30/2020 10:34:14 ;
; Main task         ; Compilation         ;
; Revision Name     ; datapath            ;
+-------------------+---------------------+


+-------------------------------------------------------------------------------------------------------------------------------+
; Flow Non-Default Global Settings                                                                                              ;
+-------------------------------------+----------------------------------------+---------------+---------------+----------------+
; Assignment Name                     ; Value                                  ; Default Value ; Entity Name   ; Section Id     ;
+-------------------------------------+----------------------------------------+---------------+---------------+----------------+
; COMPILER_SIGNATURE_ID               ; 136361047923116.158826805304348        ; --            ; --            ; --             ;
; EDA_OUTPUT_DATA_FORMAT              ; Vhdl                                   ; --            ; --            ; eda_simulation ;
; EDA_SIMULATION_TOOL                 ; ModelSim-Altera (VHDL)                 ; <None>        ; --            ; --             ;
; EDA_TIME_SCALE                      ; 1 ps                                   ; --            ; --            ; eda_simulation ;
; MAX_CORE_JUNCTION_TEMP              ; 85                                     ; --            ; --            ; --             ;
; MIN_CORE_JUNCTION_TEMP              ; 0                                      ; --            ; --            ; --             ;
; MISC_FILE                           ; ../../lab1/inst_mem.bsf                ; --            ; --            ; --             ;
; MISC_FILE                           ; ../../lab1/inst_mem.cmp                ; --            ; --            ; --             ;
; MISC_FILE                           ; ../../lab4/data_mem.bsf                ; --            ; --            ; --             ;
; MISC_FILE                           ; ../../lab4/data_mem.cmp                ; --            ; --            ; --             ;
; NOMINAL_CORE_SUPPLY_VOLTAGE         ; 1.2V                                   ; --            ; --            ; --             ;
; PARTITION_COLOR                     ; -- (Not supported for targeted family) ; --            ; datapath_test ; Top            ;
; PARTITION_FITTER_PRESERVATION_LEVEL ; -- (Not supported for targeted family) ; --            ; datapath_test ; Top            ;
; PARTITION_NETLIST_TYPE              ; -- (Not supported for targeted family) ; --            ; datapath_test ; Top            ;
; POWER_BOARD_THERMAL_MODEL           ; None (CONSERVATIVE)                    ; --            ; --            ; --             ;
; POWER_PRESET_COOLING_SOLUTION       ; 23 MM HEAT SINK WITH 200 LFPM AIRFLOW  ; --            ; --            ; --             ;
; PROJECT_OUTPUT_DIRECTORY            ; output_files                           ; --            ; --            ; --             ;
; TOP_LEVEL_ENTITY                    ; datapath_test                          ; datapath      ; --            ; --             ;
+-------------------------------------+----------------------------------------+---------------+---------------+----------------+


+--------------------------------------------------------------------------------------------------------------------------+
; Flow Elapsed Time                                                                                                        ;
+----------------------+--------------+-------------------------+---------------------+------------------------------------+
; Module Name          ; Elapsed Time ; Average Processors Used ; Peak Virtual Memory ; Total CPU Time (on all processors) ;
+----------------------+--------------+-------------------------+---------------------+------------------------------------+
; Analysis & Synthesis ; 00:01:06     ; 1.0                     ; 4845 MB             ; 00:00:46                           ;
; Fitter               ; 00:01:41     ; 1.0                     ; 5718 MB             ; 00:01:50                           ;
; Assembler            ; 00:00:06     ; 1.0                     ; 4699 MB             ; 00:00:05                           ;
; Timing Analyzer      ; 00:00:15     ; 1.1                     ; 4878 MB             ; 00:00:07                           ;
; EDA Netlist Writer   ; 00:00:07     ; 1.0                     ; 4691 MB             ; 00:00:05                           ;
; EDA Netlist Writer   ; 00:00:02     ; 1.0                     ; 4648 MB             ; 00:00:01                           ;
; EDA Netlist Writer   ; 00:00:01     ; 1.0                     ; 4649 MB             ; 00:00:01                           ;
; EDA Netlist Writer   ; 00:00:07     ; 1.0                     ; 4691 MB             ; 00:00:05                           ;
; Total                ; 00:03:25     ; --                      ; --                  ; 00:03:00                           ;
+----------------------+--------------+-------------------------+---------------------+------------------------------------+


+------------------------------------------------------------------------------------+
; Flow OS Summary                                                                    ;
+----------------------+------------------+------------+------------+----------------+
; Module Name          ; Machine Hostname ; OS Name    ; OS Version ; Processor type ;
+----------------------+------------------+------------+------------+----------------+
; Analysis & Synthesis ; DESKTOP-FASTACJ  ; Windows 10 ; 10.0       ; x86_64         ;
; Fitter               ; DESKTOP-FASTACJ  ; Windows 10 ; 10.0       ; x86_64         ;
; Assembler            ; DESKTOP-FASTACJ  ; Windows 10 ; 10.0       ; x86_64         ;
; Timing Analyzer      ; DESKTOP-FASTACJ  ; Windows 10 ; 10.0       ; x86_64         ;
; EDA Netlist Writer   ; DESKTOP-FASTACJ  ; Windows 10 ; 10.0       ; x86_64         ;
; EDA Netlist Writer   ; DESKTOP-FASTACJ  ; Windows 10 ; 10.0       ; x86_64         ;
; EDA Netlist Writer   ; DESKTOP-FASTACJ  ; Windows 10 ; 10.0       ; x86_64         ;
; EDA Netlist Writer   ; DESKTOP-FASTACJ  ; Windows 10 ; 10.0       ; x86_64         ;
+----------------------+------------------+------------+------------+----------------+


------------
; Flow Log ;
------------
quartus_map --read_settings_files=on --write_settings_files=off datapath -c datapath
quartus_fit --read_settings_files=off --write_settings_files=off datapath -c datapath
quartus_asm --read_settings_files=off --write_settings_files=off datapath -c datapath
quartus_sta datapath -c datapath
quartus_eda --read_settings_files=off --write_settings_files=off datapath -c datapath
quartus_eda --gen_testbench --tool=modelsim_oem --format=vhdl --write_settings_files=off datapath -c datapath --vector_source="C:/Users/Correy/Desktop/directedStudies/final project/datapath2/Waveform1.vwf" --testbench_file="C:/Users/Correy/Desktop/directedStudies/final project/datapath2/simulation/qsim/Waveform1.vwf.vht"
quartus_eda --gen_testbench --tool=modelsim_oem --format=vhdl --write_settings_files=off datapath -c datapath --vector_source="C:/Users/Correy/Desktop/directedStudies/directedStudies/final project/datapath2/Waveform2.vwf" --testbench_file="C:/Users/Correy/Desktop/directedStudies/directedStudies/final project/datapath2/simulation/qsim/Waveform2.vwf.vht"
quartus_eda --write_settings_files=off --simulation=on --functional=off --flatten_buses=off --timescale=1ps --tool=modelsim_oem --format=vhdl --output_directory="C:/Users/Correy/Desktop/directedStudies/directedStudies/final project/datapath2/simulation/qsim/" datapath -c datapath



